<?xml version="1.0" encoding="UTF-8" standalone="no"?>
<testsuite failures="0" name="cucumber.runtime.formatter.JUnitFormatter" skipped="0" tests="2" time="0.38064">
<testcase classname="Tags in cucumber" name="Verify login" time="0.380567">
<system-out><![CDATA[Given This is valid login test..............................................passed
]]></system-out>
</testcase>
<testcase classname="Tags in cucumber" name="Verify logout" time="0.000073">
<system-out><![CDATA[Given this is logout test...................................................passed
]]></system-out>
</testcase>
</testsuite>
